Started at Mon Feb 28 06:19:10 UTC 2022
Processing C-project
Offering C-project to Project Build Discarder
Processing Darshan
Offering Darshan to Project Build Discarder
Processing java
Offering java to Project Build Discarder
Finished at Mon Feb 28 06:19:10 UTC 2022. 5ms
Started at Mon Feb 28 07:19:10 UTC 2022
Processing C-project
Offering C-project to Project Build Discarder
Processing Darshan
Offering Darshan to Project Build Discarder
Processing java
Offering java to Project Build Discarder
Finished at Mon Feb 28 07:19:10 UTC 2022. 3ms
Started at Mon Feb 28 08:19:10 UTC 2022
Processing C-project
Offering C-project to Project Build Discarder
Processing Darshan
Offering Darshan to Project Build Discarder
Processing java
Offering java to Project Build Discarder
Finished at Mon Feb 28 08:19:10 UTC 2022. 1ms
Started at Mon Feb 28 09:19:10 UTC 2022
Processing C-project
Offering C-project to Project Build Discarder
Processing Darshan
Offering Darshan to Project Build Discarder
Processing java
Offering java to Project Build Discarder
Finished at Mon Feb 28 09:19:10 UTC 2022. 1ms
Started at Mon Feb 28 10:19:10 UTC 2022
Processing C-project
Offering C-project to Project Build Discarder
Processing Darshan
Offering Darshan to Project Build Discarder
Processing java
Offering java to Project Build Discarder
Finished at Mon Feb 28 10:19:10 UTC 2022. 1ms
Started at Mon Feb 28 11:19:10 UTC 2022
Processing C-project
Offering C-project to Project Build Discarder
Processing Darshan
Offering Darshan to Project Build Discarder
Processing java
Offering java to Project Build Discarder
Finished at Mon Feb 28 11:19:10 UTC 2022. 2ms
Started at Mon Feb 28 12:19:10 UTC 2022
Processing C-project
Offering C-project to Project Build Discarder
Processing Darshan
Offering Darshan to Project Build Discarder
Processing java
Offering java to Project Build Discarder
Finished at Mon Feb 28 12:19:10 UTC 2022. 3ms
Started at Mon Feb 28 13:19:10 UTC 2022
Processing C-project
Offering C-project to Project Build Discarder
Processing Darshan
Offering Darshan to Project Build Discarder
Processing java
Offering java to Project Build Discarder
Finished at Mon Feb 28 13:19:10 UTC 2022. 0ms
